<?xml version="1.0" encoding="UTF-8"?>
<!-- Generated by org.testng.reporters.JUnitReportReporter -->
<testsuite hostname="LAPTOP-UI12OU1R" failures="0" tests="1" name="com.inetBanking.testcases.TC_AddNewCustomer_003" time="34.747" errors="0" timestamp="2022-02-22T09:02:04 IST" skipped="0">
  <testcase classname="com.inetBanking.testcases.TC_AddNewCustomer_003" name="AddNewCustomer" time="34.747"/>
  <system-out/>
</testsuite> <!-- com.inetBanking.testcases.TC_AddNewCustomer_003 -->
